<?xml version="1.0" encoding="UTF-8"?>
<!-- Generated by org.testng.reporters.JUnitReportReporter -->
<testsuite hostname="del1-lhp-n72302" failures="0" tests="7" name="in.stackRoute.RestAssured.WithoutAuthTest" time="0.179" errors="0" timestamp="2021-05-21T01:13:11 IST" skipped="0">
  <testcase classname="in.stackRoute.RestAssured.WithoutAuthTest" name="test_getBookByID_WithoutAuth" time="0.024"/>
  <system-out/>
  <testcase classname="in.stackRoute.RestAssured.WithoutAuthTest" name="test_getHomePage_WithoutAuth" time="0.017"/>
  <system-out/>
  <testcase classname="in.stackRoute.RestAssured.WithoutAuthTest" name="test_RemoveFromFav_WithoutAuth" time="0.038"/>
  <system-out/>
  <testcase classname="in.stackRoute.RestAssured.WithoutAuthTest" name="test_AddToFav_WithoutAuth" time="0.032"/>
  <system-out/>
  <testcase classname="in.stackRoute.RestAssured.WithoutAuthTest" name="test_getAllBooks_WithoutAuth" time="0.024"/>
  <system-out/>
  <testcase classname="in.stackRoute.RestAssured.WithoutAuthTest" name="test_getFav_WithoutAuth" time="0.015"/>
  <system-out/>
  <testcase classname="in.stackRoute.RestAssured.WithoutAuthTest" name="test_AddBookToDB_WithoutAuth" time="0.029"/>
  <system-out/>
</testsuite> <!-- in.stackRoute.RestAssured.WithoutAuthTest -->
