<?xml version="1.0" encoding="UTF-8"?>
<!-- Generated by org.testng.reporters.JUnitReportReporter -->
<testsuite hostname="del1-lhp-n72302" failures="0" tests="6" name="in.stackRoute.RestAssured.RegisterRestTest" time="2.275" errors="0" timestamp="2021-05-21T01:13:11 IST" skipped="0">
  <testcase classname="in.stackRoute.RestAssured.RegisterRestTest" name="test_postRegister_negative" time="0.037"/>
  <system-out/>
  <testcase classname="in.stackRoute.RestAssured.RegisterRestTest" name="test_postRegister_negative" time="0.033"/>
  <system-out/>
  <testcase classname="in.stackRoute.RestAssured.RegisterRestTest" name="test_postRegister_negative" time="0.039"/>
  <system-out/>
  <testcase classname="in.stackRoute.RestAssured.RegisterRestTest" name="test_postRegister_negative" time="0.041"/>
  <system-out/>
  <testcase classname="in.stackRoute.RestAssured.RegisterRestTest" name="test_postRegister_negative" time="2.096"/>
  <system-out/>
  <testcase classname="in.stackRoute.RestAssured.RegisterRestTest" name="test_postRegister_negative" time="0.029"/>
  <system-out/>
</testsuite> <!-- in.stackRoute.RestAssured.RegisterRestTest -->
