<?xml version="1.0" encoding="UTF-8"?>
<!-- Generated by org.testng.reporters.JUnitReportReporter -->
<testsuite hostname="del1-lhp-n72302" failures="0" tests="12" name="in.stackRoute.RestAssured.RestAssuredTest" time="0.882" errors="0" timestamp="2021-05-26T14:38:48 IST" skipped="0">
  <testcase classname="in.stackRoute.RestAssured.RestAssuredTest" name="test_postAuth_positive" time="0.343"/>
  <system-out/>
  <testcase classname="in.stackRoute.RestAssured.RestAssuredTest" name="test_postAuth_negative" time="0.039"/>
  <system-out/>
  <testcase classname="in.stackRoute.RestAssured.RestAssuredTest" name="test_postAuth_negative" time="0.042"/>
  <system-out/>
  <testcase classname="in.stackRoute.RestAssured.RestAssuredTest" name="test_postAuth_negative" time="0.089"/>
  <system-out/>
  <testcase classname="in.stackRoute.RestAssured.RestAssuredTest" name="test_postAuth_negative" time="0.061"/>
  <system-out/>
  <testcase classname="in.stackRoute.RestAssured.RestAssuredTest" name="test_postAuth_negative" time="0.040"/>
  <system-out/>
  <testcase classname="in.stackRoute.RestAssured.RestAssuredTest" name="test_getHomePage_withAuth" time="0.095"/>
  <system-out/>
  <testcase classname="in.stackRoute.RestAssured.RestAssuredTest" name="test_getBookById_withAuth" time="0.047"/>
  <system-out/>
  <testcase classname="in.stackRoute.RestAssured.RestAssuredTest" name="test_getAllBooks_withAuth" time="0.050"/>
  <system-out/>
  <testcase classname="in.stackRoute.RestAssured.RestAssuredTest" name="test_AddToFavourite_withAuth" time="0.032"/>
  <system-out/>
  <testcase classname="in.stackRoute.RestAssured.RestAssuredTest" name="test_RemoveFromFavourite_withAuth" time="0.027"/>
  <system-out/>
  <testcase classname="in.stackRoute.RestAssured.RestAssuredTest" name="test_fav_withAuth" time="0.017"/>
  <system-out/>
</testsuite> <!-- in.stackRoute.RestAssured.RestAssuredTest -->
