<?xml version="1.0" encoding="UTF-8"?>
<!-- Generated by org.testng.reporters.JUnitReportReporter -->
<testsuite hostname="del1-lhp-n72305" failures="0" tests="12" name="in.stackRoute.RestAssured.RestAssuredTest" time="2.985" errors="0" timestamp="2021-05-23T15:40:24 IST" skipped="0">
  <testcase classname="in.stackRoute.RestAssured.RestAssuredTest" name="test_postAuth_positive" time="2.011"/>
  <system-out/>
  <testcase classname="in.stackRoute.RestAssured.RestAssuredTest" name="test_postAuth_negative" time="0.064"/>
  <system-out/>
  <testcase classname="in.stackRoute.RestAssured.RestAssuredTest" name="test_postAuth_negative" time="0.135"/>
  <system-out/>
  <testcase classname="in.stackRoute.RestAssured.RestAssuredTest" name="test_postAuth_negative" time="0.060"/>
  <system-out/>
  <testcase classname="in.stackRoute.RestAssured.RestAssuredTest" name="test_postAuth_negative" time="0.072"/>
  <system-out/>
  <testcase classname="in.stackRoute.RestAssured.RestAssuredTest" name="test_postAuth_negative" time="0.059"/>
  <system-out/>
  <testcase classname="in.stackRoute.RestAssured.RestAssuredTest" name="test_getHomePage_withAuth" time="0.181"/>
  <system-out/>
  <testcase classname="in.stackRoute.RestAssured.RestAssuredTest" name="test_getBookById_withAuth" time="0.105"/>
  <system-out/>
  <testcase classname="in.stackRoute.RestAssured.RestAssuredTest" name="test_getAllBooks_withAuth" time="0.049"/>
  <system-out/>
  <testcase classname="in.stackRoute.RestAssured.RestAssuredTest" name="test_AddToFavourite_withAuth" time="0.146"/>
  <system-out/>
  <testcase classname="in.stackRoute.RestAssured.RestAssuredTest" name="test_RemoveFromFavourite_withAuth" time="0.063"/>
  <system-out/>
  <testcase classname="in.stackRoute.RestAssured.RestAssuredTest" name="test_fav_withAuth" time="0.040"/>
  <system-out/>
</testsuite> <!-- in.stackRoute.RestAssured.RestAssuredTest -->
