<?xml version="1.0" encoding="UTF-8"?>
<!-- Generated by org.testng.reporters.JUnitReportReporter -->
<testsuite hostname="del1-lhp-n72305" failures="0" tests="6" name="in.stackRoute.RestAssured.RegisterRestTest" time="2.896" errors="0" timestamp="2021-05-21T15:02:59 IST" skipped="0">
  <testcase classname="in.stackRoute.RestAssured.RegisterRestTest" name="test_postRegister_negative" time="0.049"/>
  <system-out/>
  <testcase classname="in.stackRoute.RestAssured.RegisterRestTest" name="test_postRegister_negative" time="0.029"/>
  <system-out/>
  <testcase classname="in.stackRoute.RestAssured.RegisterRestTest" name="test_postRegister_negative" time="0.036"/>
  <system-out/>
  <testcase classname="in.stackRoute.RestAssured.RegisterRestTest" name="test_postRegister_negative" time="2.689"/>
  <system-out/>
  <testcase classname="in.stackRoute.RestAssured.RegisterRestTest" name="test_postRegister_negative" time="0.049"/>
  <system-out/>
  <testcase classname="in.stackRoute.RestAssured.RegisterRestTest" name="test_postRegister_negative" time="0.044"/>
  <system-out/>
</testsuite> <!-- in.stackRoute.RestAssured.RegisterRestTest -->
