<?xml version="1.0" encoding="UTF-8"?>
<!-- Generated by org.testng.reporters.JUnitReportReporter -->
<testsuite hostname="del1-lhp-n72302" failures="0" tests="6" name="in.stackRoute.RestAssured.RegisterRestTest" time="1.858" errors="0" timestamp="2021-05-23T19:54:54 IST" skipped="0">
  <testcase classname="in.stackRoute.RestAssured.RegisterRestTest" name="test_postRegister_negative" time="0.030"/>
  <system-out/>
  <testcase classname="in.stackRoute.RestAssured.RegisterRestTest" name="test_postRegister_negative" time="0.026"/>
  <system-out/>
  <testcase classname="in.stackRoute.RestAssured.RegisterRestTest" name="test_postRegister_negative" time="0.025"/>
  <system-out/>
  <testcase classname="in.stackRoute.RestAssured.RegisterRestTest" name="test_postRegister_negative" time="0.024"/>
  <system-out/>
  <testcase classname="in.stackRoute.RestAssured.RegisterRestTest" name="test_postRegister_negative" time="1.727"/>
  <system-out/>
  <testcase classname="in.stackRoute.RestAssured.RegisterRestTest" name="test_postRegister_negative" time="0.026"/>
  <system-out/>
</testsuite> <!-- in.stackRoute.RestAssured.RegisterRestTest -->
