<?xml version="1.0" encoding="UTF-8"?>
<!-- Generated by org.testng.reporters.JUnitReportReporter -->
<testsuite hostname="del1-lhp-n72302" failures="0" tests="6" name="in.stackRoute.RestAssured.RegisterRestTest" time="1.313" errors="0" timestamp="2021-05-26T14:38:48 IST" skipped="0">
  <testcase classname="in.stackRoute.RestAssured.RegisterRestTest" name="test_postRegister_negative" time="0.026"/>
  <system-out/>
  <testcase classname="in.stackRoute.RestAssured.RegisterRestTest" name="test_postRegister_negative" time="1.201"/>
  <system-out/>
  <testcase classname="in.stackRoute.RestAssured.RegisterRestTest" name="test_postRegister_negative" time="0.023"/>
  <system-out/>
  <testcase classname="in.stackRoute.RestAssured.RegisterRestTest" name="test_postRegister_negative" time="0.018"/>
  <system-out/>
  <testcase classname="in.stackRoute.RestAssured.RegisterRestTest" name="test_postRegister_negative" time="0.023"/>
  <system-out/>
  <testcase classname="in.stackRoute.RestAssured.RegisterRestTest" name="test_postRegister_negative" time="0.022"/>
  <system-out/>
</testsuite> <!-- in.stackRoute.RestAssured.RegisterRestTest -->
