<?xml version="1.0" encoding="UTF-8"?>
<!-- Generated by org.testng.reporters.JUnitReportReporter -->
<testsuite hostname="del1-lhp-n72302" failures="0" tests="12" name="in.stackRoute.RestAssured.RestAssuredTest" time="1.148" errors="0" timestamp="2021-05-21T01:13:11 IST" skipped="0">
  <testcase classname="in.stackRoute.RestAssured.RestAssuredTest" name="test_postAuth_positive" time="0.368"/>
  <system-out/>
  <testcase classname="in.stackRoute.RestAssured.RestAssuredTest" name="test_postAuth_negative" time="0.127"/>
  <system-out/>
  <testcase classname="in.stackRoute.RestAssured.RestAssuredTest" name="test_postAuth_negative" time="0.055"/>
  <system-out/>
  <testcase classname="in.stackRoute.RestAssured.RestAssuredTest" name="test_postAuth_negative" time="0.080"/>
  <system-out/>
  <testcase classname="in.stackRoute.RestAssured.RestAssuredTest" name="test_postAuth_negative" time="0.057"/>
  <system-out/>
  <testcase classname="in.stackRoute.RestAssured.RestAssuredTest" name="test_postAuth_negative" time="0.046"/>
  <system-out/>
  <testcase classname="in.stackRoute.RestAssured.RestAssuredTest" name="test_getHomePage_withAuth" time="0.127"/>
  <system-out/>
  <testcase classname="in.stackRoute.RestAssured.RestAssuredTest" name="test_getBookById_withAuth" time="0.062"/>
  <system-out/>
  <testcase classname="in.stackRoute.RestAssured.RestAssuredTest" name="test_getAllBooks_withAuth" time="0.092"/>
  <system-out/>
  <testcase classname="in.stackRoute.RestAssured.RestAssuredTest" name="test_RemoveFromFavourite_withAuth" time="0.042"/>
  <system-out/>
  <testcase classname="in.stackRoute.RestAssured.RestAssuredTest" name="test_AddToFavourite_withAuth" time="0.056"/>
  <system-out/>
  <testcase classname="in.stackRoute.RestAssured.RestAssuredTest" name="test_fav_withAuth" time="0.036"/>
  <system-out/>
</testsuite> <!-- in.stackRoute.RestAssured.RestAssuredTest -->
