<?xml version="1.0" encoding="UTF-8"?>
<!-- Generated by org.testng.reporters.JUnitReportReporter -->
<testsuite hostname="del1-lhp-n72302" failures="0" tests="12" name="in.stackRoute.RestAssured.RestAssuredTest" time="0.957" errors="0" timestamp="2021-05-23T19:54:54 IST" skipped="0">
  <testcase classname="in.stackRoute.RestAssured.RestAssuredTest" name="test_postAuth_positive" time="0.413"/>
  <system-out/>
  <testcase classname="in.stackRoute.RestAssured.RestAssuredTest" name="test_postAuth_negative" time="0.040"/>
  <system-out/>
  <testcase classname="in.stackRoute.RestAssured.RestAssuredTest" name="test_postAuth_negative" time="0.088"/>
  <system-out/>
  <testcase classname="in.stackRoute.RestAssured.RestAssuredTest" name="test_postAuth_negative" time="0.042"/>
  <system-out/>
  <testcase classname="in.stackRoute.RestAssured.RestAssuredTest" name="test_postAuth_negative" time="0.036"/>
  <system-out/>
  <testcase classname="in.stackRoute.RestAssured.RestAssuredTest" name="test_postAuth_negative" time="0.087"/>
  <system-out/>
  <testcase classname="in.stackRoute.RestAssured.RestAssuredTest" name="test_getHomePage_withAuth" time="0.053"/>
  <system-out/>
  <testcase classname="in.stackRoute.RestAssured.RestAssuredTest" name="test_getBookById_withAuth" time="0.049"/>
  <system-out/>
  <testcase classname="in.stackRoute.RestAssured.RestAssuredTest" name="test_getAllBooks_withAuth" time="0.041"/>
  <system-out/>
  <testcase classname="in.stackRoute.RestAssured.RestAssuredTest" name="test_AddToFavourite_withAuth" time="0.050"/>
  <system-out/>
  <testcase classname="in.stackRoute.RestAssured.RestAssuredTest" name="test_RemoveFromFavourite_withAuth" time="0.032"/>
  <system-out/>
  <testcase classname="in.stackRoute.RestAssured.RestAssuredTest" name="test_fav_withAuth" time="0.026"/>
  <system-out/>
</testsuite> <!-- in.stackRoute.RestAssured.RestAssuredTest -->
