<?xml version="1.0" encoding="UTF-8"?>
<!-- Generated by org.testng.reporters.JUnitReportReporter -->
<testsuite hostname="del1-lhp-n72302" failures="0" tests="6" name="in.stackRoute.RestAssured.RegisterRestTest" time="2.895" errors="0" timestamp="2021-05-18T11:50:25 IST" skipped="0">
  <testcase classname="in.stackRoute.RestAssured.RegisterRestTest" name="test_postRegister_negative" time="2.718"/>
  <system-out/>
  <testcase classname="in.stackRoute.RestAssured.RegisterRestTest" name="test_postRegister_negative" time="0.031"/>
  <system-out/>
  <testcase classname="in.stackRoute.RestAssured.RegisterRestTest" name="test_postRegister_negative" time="0.043"/>
  <system-out/>
  <testcase classname="in.stackRoute.RestAssured.RegisterRestTest" name="test_postRegister_negative" time="0.035"/>
  <system-out/>
  <testcase classname="in.stackRoute.RestAssured.RegisterRestTest" name="test_postRegister_negative" time="0.033"/>
  <system-out/>
  <testcase classname="in.stackRoute.RestAssured.RegisterRestTest" name="test_postRegister_negative" time="0.035"/>
  <system-out/>
</testsuite> <!-- in.stackRoute.RestAssured.RegisterRestTest -->
